This is pdfTeX, Version 3.141592653-2.6-1.40.25 (TeX Live 2023) (preloaded format=pdflatex 2023.8.29)  31 OCT 2023 09:00
entering extended mode
 restricted \write18 enabled.
 %&-line parsing enabled.
**"phys600 hw 4 submission.tex"
(./phys600 hw 4 submission.tex
LaTeX2e <2022-11-01> patch level 1
L3 programming layer <2023-02-22>
(/usr/local/texlive/2023/texmf-dist/tex/latex/base/article.cls
Document Class: article 2022/07/02 v1.4n Standard LaTeX document class
(/usr/local/texlive/2023/texmf-dist/tex/latex/base/size12.clo
File: size12.clo 2022/07/02 v1.4n Standard LaTeX file (size option)
)
\c@part=\count185
\c@section=\count186
\c@subsection=\count187
\c@subsubsection=\count188
\c@paragraph=\count189
\c@subparagraph=\count190
\c@figure=\count191
\c@table=\count192
\abovecaptionskip=\skip48
\belowcaptionskip=\skip49
\bibindent=\dimen140
)
(/usr/local/texlive/2023/texmf-dist/tex/latex/amsfonts/amssymb.sty
Package: amssymb 2013/01/14 v3.01 AMS font symbols

(/usr/local/texlive/2023/texmf-dist/tex/latex/amsfonts/amsfonts.sty
Package: amsfonts 2013/01/14 v3.01 Basic AMSFonts support
\@emptytoks=\toks16
\symAMSa=\mathgroup4
\symAMSb=\mathgroup5
LaTeX Font Info:    Redeclaring math symbol \hbar on input line 98.
LaTeX Font Info:    Overwriting math alphabet `\mathfrak' in version `bold'
(Font)                  U/euf/m/n --> U/euf/b/n on input line 106.
))
(/usr/local/texlive/2023/texmf-dist/tex/latex/amsmath/amsmath.sty
Package: amsmath 2022/04/08 v2.17n AMS math features
\@mathmargin=\skip50

For additional information on amsmath, use the `?' option.
(/usr/local/texlive/2023/texmf-dist/tex/latex/amsmath/amstext.sty
Package: amstext 2021/08/26 v2.01 AMS text

(/usr/local/texlive/2023/texmf-dist/tex/latex/amsmath/amsgen.sty
File: amsgen.sty 1999/11/30 v2.0 generic functions
\@emptytoks=\toks17
\ex@=\dimen141
))
(/usr/local/texlive/2023/texmf-dist/tex/latex/amsmath/amsbsy.sty
Package: amsbsy 1999/11/29 v1.2d Bold Symbols
\pmbraise@=\dimen142
)
(/usr/local/texlive/2023/texmf-dist/tex/latex/amsmath/amsopn.sty
Package: amsopn 2022/04/08 v2.04 operator names
)
\inf@bad=\count193
LaTeX Info: Redefining \frac on input line 234.
\uproot@=\count194
\leftroot@=\count195
LaTeX Info: Redefining \overline on input line 399.
LaTeX Info: Redefining \colon on input line 410.
\classnum@=\count196
\DOTSCASE@=\count197
LaTeX Info: Redefining \ldots on input line 496.
LaTeX Info: Redefining \dots on input line 499.
LaTeX Info: Redefining \cdots on input line 620.
\Mathstrutbox@=\box51
\strutbox@=\box52
LaTeX Info: Redefining \big on input line 722.
LaTeX Info: Redefining \Big on input line 723.
LaTeX Info: Redefining \bigg on input line 724.
LaTeX Info: Redefining \Bigg on input line 725.
\big@size=\dimen143
LaTeX Font Info:    Redeclaring font encoding OML on input line 743.
LaTeX Font Info:    Redeclaring font encoding OMS on input line 744.
\macc@depth=\count198
LaTeX Info: Redefining \bmod on input line 905.
LaTeX Info: Redefining \pmod on input line 910.
LaTeX Info: Redefining \smash on input line 940.
LaTeX Info: Redefining \relbar on input line 970.
LaTeX Info: Redefining \Relbar on input line 971.
\c@MaxMatrixCols=\count199
\dotsspace@=\muskip16
\c@parentequation=\count266
\dspbrk@lvl=\count267
\tag@help=\toks18
\row@=\count268
\column@=\count269
\maxfields@=\count270
\andhelp@=\toks19
\eqnshift@=\dimen144
\alignsep@=\dimen145
\tagshift@=\dimen146
\tagwidth@=\dimen147
\totwidth@=\dimen148
\lineht@=\dimen149
\@envbody=\toks20
\multlinegap=\skip51
\multlinetaggap=\skip52
\mathdisplay@stack=\toks21
LaTeX Info: Redefining \[ on input line 2953.
LaTeX Info: Redefining \] on input line 2954.
)
(/usr/local/texlive/2023/texmf-dist/tex/latex/amscls/amsthm.sty
Package: amsthm 2020/05/29 v2.20.6
\thm@style=\toks22
\thm@bodyfont=\toks23
\thm@headfont=\toks24
\thm@notefont=\toks25
\thm@headpunct=\toks26
\thm@preskip=\skip53
\thm@postskip=\skip54
\thm@headsep=\skip55
\dth@everypar=\toks27
)
(/usr/local/texlive/2023/texmf-dist/tex/latex/mathtools/mathtools.sty
Package: mathtools 2022/06/29 v1.29 mathematical typesetting tools

(/usr/local/texlive/2023/texmf-dist/tex/latex/graphics/keyval.sty
Package: keyval 2022/05/29 v1.15 key=value parser (DPC)
\KV@toks@=\toks28
)
(/usr/local/texlive/2023/texmf-dist/tex/latex/tools/calc.sty
Package: calc 2017/05/25 v4.3 Infix arithmetic (KKT,FJ)
\calc@Acount=\count271
\calc@Bcount=\count272
\calc@Adimen=\dimen150
\calc@Bdimen=\dimen151
\calc@Askip=\skip56
\calc@Bskip=\skip57
LaTeX Info: Redefining \setlength on input line 80.
LaTeX Info: Redefining \addtolength on input line 81.
\calc@Ccount=\count273
\calc@Cskip=\skip58
)
(/usr/local/texlive/2023/texmf-dist/tex/latex/mathtools/mhsetup.sty
Package: mhsetup 2021/03/18 v1.4 programming setup (MH)
)
\g_MT_multlinerow_int=\count274
\l_MT_multwidth_dim=\dimen152
\origjot=\skip59
\l_MT_shortvdotswithinadjustabove_dim=\dimen153
\l_MT_shortvdotswithinadjustbelow_dim=\dimen154
\l_MT_above_intertext_sep=\dimen155
\l_MT_below_intertext_sep=\dimen156
\l_MT_above_shortintertext_sep=\dimen157
\l_MT_below_shortintertext_sep=\dimen158
\xmathstrut@box=\box53
\xmathstrut@dim=\dimen159
)
(/usr/local/texlive/2023/texmf-dist/tex/latex/commath/commath.sty
(/usr/local/texlive/2023/texmf-dist/tex/latex/base/ifthen.sty
Package: ifthen 2022/04/13 v1.1d Standard LaTeX ifthen package (DPC)
))
(/usr/local/texlive/2023/texmf-dist/tex/latex/geometry/geometry.sty
Package: geometry 2020/01/02 v5.9 Page Geometry

(/usr/local/texlive/2023/texmf-dist/tex/generic/iftex/ifvtex.sty
Package: ifvtex 2019/10/25 v1.7 ifvtex legacy package. Use iftex instead.

(/usr/local/texlive/2023/texmf-dist/tex/generic/iftex/iftex.sty
Package: iftex 2022/02/03 v1.0f TeX engine tests
))
\Gm@cnth=\count275
\Gm@cntv=\count276
\c@Gm@tempcnt=\count277
\Gm@bindingoffset=\dimen160
\Gm@wd@mp=\dimen161
\Gm@odd@mp=\dimen162
\Gm@even@mp=\dimen163
\Gm@layoutwidth=\dimen164
\Gm@layoutheight=\dimen165
\Gm@layouthoffset=\dimen166
\Gm@layoutvoffset=\dimen167
\Gm@dimlist=\toks29
)
(/usr/local/texlive/2023/texmf-dist/tex/latex/graphics/graphicx.sty
Package: graphicx 2021/09/16 v1.2d Enhanced LaTeX Graphics (DPC,SPQR)

(/usr/local/texlive/2023/texmf-dist/tex/latex/graphics/graphics.sty
Package: graphics 2022/03/10 v1.4e Standard LaTeX Graphics (DPC,SPQR)

(/usr/local/texlive/2023/texmf-dist/tex/latex/graphics/trig.sty
Package: trig 2021/08/11 v1.11 sin cos tan (DPC)
)
(/usr/local/texlive/2023/texmf-dist/tex/latex/graphics-cfg/graphics.cfg
File: graphics.cfg 2016/06/04 v1.11 sample graphics configuration
)
Package graphics Info: Driver file: pdftex.def on input line 107.

(/usr/local/texlive/2023/texmf-dist/tex/latex/graphics-def/pdftex.def
File: pdftex.def 2022/09/22 v1.2b Graphics/color driver for pdftex
))
\Gin@req@height=\dimen168
\Gin@req@width=\dimen169
)
(/usr/local/texlive/2023/texmf-dist/tex/latex/ctable/ctable.sty
Package: ctable 2015/10/17 v1.31 ctable package for flexible typesetting of tab
le and figure floats using key/value directives

(/usr/local/texlive/2023/texmf-dist/tex/generic/iftex/ifpdf.sty
Package: ifpdf 2019/10/25 v3.4 ifpdf legacy package. Use iftex instead.
)
(/usr/local/texlive/2023/texmf-dist/tex/latex/etoolbox/etoolbox.sty
Package: etoolbox 2020/10/05 v2.5k e-TeX tools for LaTeX (JAW)
\etb@tempcnta=\count278
)
(/usr/local/texlive/2023/texmf-dist/tex/latex/xcolor/xcolor.sty
Package: xcolor 2022/06/12 v2.14 LaTeX color extensions (UK)

(/usr/local/texlive/2023/texmf-dist/tex/latex/graphics-cfg/color.cfg
File: color.cfg 2016/01/02 v1.6 sample color configuration
)
Package xcolor Info: Driver file: pdftex.def on input line 227.

(/usr/local/texlive/2023/texmf-dist/tex/latex/graphics/mathcolor.ltx)
Package xcolor Info: Model `cmy' substituted by `cmy0' on input line 1353.
Package xcolor Info: Model `hsb' substituted by `rgb' on input line 1357.
Package xcolor Info: Model `RGB' extended on input line 1369.
Package xcolor Info: Model `HTML' substituted by `rgb' on input line 1371.
Package xcolor Info: Model `Hsb' substituted by `hsb' on input line 1372.
Package xcolor Info: Model `tHsb' substituted by `hsb' on input line 1373.
Package xcolor Info: Model `HSB' substituted by `hsb' on input line 1374.
Package xcolor Info: Model `Gray' substituted by `gray' on input line 1375.
Package xcolor Info: Model `wave' substituted by `hsb' on input line 1376.
)
(/usr/local/texlive/2023/texmf-dist/tex/latex/xkeyval/xkeyval.sty
Package: xkeyval 2022/06/16 v2.9 package option processing (HA)

(/usr/local/texlive/2023/texmf-dist/tex/generic/xkeyval/xkeyval.tex
(/usr/local/texlive/2023/texmf-dist/tex/generic/xkeyval/xkvutils.tex
\XKV@toks=\toks30
\XKV@tempa@toks=\toks31
)
\XKV@depth=\count279
File: xkeyval.tex 2014/12/03 v2.7a key=value parser (HA)
))
(/usr/local/texlive/2023/texmf-dist/tex/latex/tools/array.sty
Package: array 2022/09/04 v2.5g Tabular extension package (FMi)
\col@sep=\dimen170
\ar@mcellbox=\box54
\extrarowheight=\dimen171
\NC@list=\toks32
\extratabsurround=\skip60
\backup@length=\skip61
\ar@cellbox=\box55
)
(/usr/local/texlive/2023/texmf-dist/tex/latex/tools/tabularx.sty
Package: tabularx 2020/01/15 v2.11c `tabularx' package (DPC)
\TX@col@width=\dimen172
\TX@old@table=\dimen173
\TX@old@col=\dimen174
\TX@target=\dimen175
\TX@delta=\dimen176
\TX@cols=\count280
\TX@ftn=\toks33
)
(/usr/local/texlive/2023/texmf-dist/tex/latex/booktabs/booktabs.sty
Package: booktabs 2020/01/12 v1.61803398 Publication quality tables
\heavyrulewidth=\dimen177
\lightrulewidth=\dimen178
\cmidrulewidth=\dimen179
\belowrulesep=\dimen180
\belowbottomsep=\dimen181
\aboverulesep=\dimen182
\abovetopsep=\dimen183
\cmidrulesep=\dimen184
\cmidrulekern=\dimen185
\defaultaddspace=\dimen186
\@cmidla=\count281
\@cmidlb=\count282
\@aboverulesep=\dimen187
\@belowrulesep=\dimen188
\@thisruleclass=\count283
\@lastruleclass=\count284
\@thisrulewidth=\dimen189
)
(/usr/local/texlive/2023/texmf-dist/tex/latex/graphics/rotating.sty
Package: rotating 2016/08/11 v2.16d rotated objects in LaTeX
\c@r@tfl@t=\count285
\rotFPtop=\skip62
\rotFPbot=\skip63
\rot@float@box=\box56
\rot@mess@toks=\toks34
)
(/usr/local/texlive/2023/texmf-dist/tex/latex/transparent/transparent.sty
Package: transparent 2022-10-27 v1.5 Transparency with color stacks

(/usr/local/texlive/2023/texmf-dist/tex/latex/transparent/transparent-nometadat
a.sty
Package: transparent-nometadata 2022-10-27 v1.5 Transparency via pdfTeX's color
 stack (HO)
 (/usr/local/texlive/2023/texmf-dist/tex/latex/auxhook/auxhook.sty
Package: auxhook 2019-12-17 v1.6 Hooks for auxiliary files (HO)
)))
\@CTframesep=\dimen190
\@dfltCTframesep=\dimen191
\@CTframerule=\dimen192
\@dfltCTframerule=\dimen193
\@CTwidth=\dimen194
\@dfltCTwidth=\dimen195
\@CTcaptionskip=\dimen196
\@dfltCTcaptionskip=\dimen197
\@CTmaxwidth=\dimen198
\@dfltCTmaxwidth=\dimen199
\@CTmincapwidth=\dimen256
\@dfltCTmincapwidth=\dimen257
\@CTfooterwidth=\dimen258
\@dfltCTfooterwidth=\dimen259
\@CTw=\dimen260
\@CTfloatwidth=\dimen261
\@CToldsep=\dimen262
\@CToldrule=\dimen263
\CT@t=\box57
\@CTcurftwidth=\dimen264
)
(/usr/local/texlive/2023/texmf-dist/tex/latex/ieeetran/IEEEtrantools.sty
Package: IEEEtrantools 2015/08/26 V1.5 by Michael Shell

-- See the "IEEEtrantools_doc.txt" manual for usage information.
-- http://www.michaelshell.org/tex/ieeetran/tools/
\@IEEEtrantmpdimenA=\dimen265
\@IEEEtrantmpdimenB=\dimen266
\@IEEEtrantmpdimenC=\dimen267
\@IEEEtrantmpcountA=\count286
\@IEEEtrantmpcountB=\count287
\@IEEEtrantmpcountC=\count288
\@IEEEtrantmptoksA=\toks35
\IEEEnormaljot=\dimen268
\IEEEquantizedlength=\dimen269
\IEEEquantizedlengthdiff=\dimen270
\IEEEquantizedtextheightdiff=\dimen271
\IEEEilabelindentA=\dimen272
\IEEEilabelindentB=\dimen273
\IEEEilabelindent=\dimen274
\IEEEelabelindent=\dimen275
\IEEEdlabelindent=\dimen276
\IEEElabelindent=\dimen277
\IEEEiednormlabelsep=\dimen278
\IEEEiedmathlabelsep=\dimen279
\IEEEiedtopsep=\skip64
\c@IEEEsubequation=\count289
\@IEEEeqnnumcols=\count290
\@IEEEeqncolcnt=\count291
\@IEEEsubeqnnumrollback=\count292
\IEEEPARstartletwidth=\dimen280
) (/usr/local/texlive/2023/texmf-dist/tex/latex/cancel/cancel.sty
Package: cancel 2013/04/12 v2.2 Cancel math terms
)
(/usr/local/texlive/2023/texmf-dist/tex/latex/wrapfig/wrapfig.sty
\wrapoverhang=\dimen281
\WF@size=\dimen282
\c@WF@wrappedlines=\count293
\WF@box=\box58
\WF@everypar=\toks36
Package: wrapfig 2003/01/31  v 3.6
)
(/usr/local/texlive/2023/texmf-dist/tex/latex/braket/braket.sty)
(/usr/local/texlive/2023/texmf-dist/tex/latex/enumitem/enumitem.sty
Package: enumitem 2019/06/20 v3.9 Customized lists
\labelindent=\skip65
\enit@outerparindent=\dimen283
\enit@toks=\toks37
\enit@inbox=\box59
\enit@count@id=\count294
\enitdp@description=\count295
)
(/usr/local/texlive/2023/texmf-dist/tex/latex/pdfpages/pdfpages.sty
Package: pdfpages 2022/12/19 v0.5x Insert pages of external PDF documents (AM)

(/usr/local/texlive/2023/texmf-dist/tex/latex/eso-pic/eso-pic.sty
Package: eso-pic 2020/10/14 v3.0a eso-pic (RN)
\ESO@tempdima=\dimen284
\ESO@tempdimb=\dimen285
)
\AM@pagewidth=\dimen286
\AM@pageheight=\dimen287
\AM@fboxrule=\dimen288

(/usr/local/texlive/2023/texmf-dist/tex/latex/pdfpages/pppdftex.def
File: pppdftex.def 2022/12/19 v0.5x Pdfpages driver for pdfTeX (AM)
)
\pdfpages@includegraphics@status=\count296
\AM@pagebox=\box60
\AM@global@opts=\toks38
\AM@pagecnt=\count297
\AM@toc@title=\toks39
\AM@lof@heading=\toks40
\c@AM@survey=\count298
\AM@templatesizebox=\box61
)
(/usr/local/texlive/2023/texmf-dist/tex/latex/caption/subcaption.sty
Package: subcaption 2023/02/19 v1.6 Sub-captions (AR)

(/usr/local/texlive/2023/texmf-dist/tex/latex/caption/caption.sty
Package: caption 2023/03/12 v3.6j Customizing captions (AR)

(/usr/local/texlive/2023/texmf-dist/tex/latex/caption/caption3.sty
Package: caption3 2023/03/12 v2.4 caption3 kernel (AR)
\caption@tempdima=\dimen289
\captionmargin=\dimen290
\caption@leftmargin=\dimen291
\caption@rightmargin=\dimen292
\caption@width=\dimen293
\caption@indent=\dimen294
\caption@parindent=\dimen295
\caption@hangindent=\dimen296
Package caption Info: Standard document class detected.
)
\c@caption@flags=\count299
\c@continuedfloat=\count300
Package caption Info: rotating package is loaded.
Package caption Info: wrapfig package is loaded.
)
Package caption Info: New subtype `subfigure' on input line 239.
\c@subfigure=\count301
Package caption Info: New subtype `subtable' on input line 239.
\c@subtable=\count302
)
(/usr/local/texlive/2023/texmf-dist/tex/latex/xurl/xurl.sty
Package: xurl 2022/01/09 v 0.10 modify URL breaks

(/usr/local/texlive/2023/texmf-dist/tex/latex/url/url.sty
\Urlmuskip=\muskip17
Package: url 2013/09/16  ver 3.4  Verb mode for urls, etc.
))
(/usr/local/texlive/2023/texmf-dist/tex/latex/subfig/subfig.sty
Package: subfig 2005/06/28 ver: 1.3 subfig package
\c@KVtest=\count303
\sf@farskip=\skip66
\sf@captopadj=\dimen297
\sf@capskip=\skip67
\sf@nearskip=\skip68
\sf@top=\skip69
\sf@bottom=\skip70
)
(/usr/local/texlive/2023/texmf-dist/tex/latex/fancyhdr/fancyhdr.sty
Package: fancyhdr 2022/11/09 v4.1 Extensive control of page headers and footers

\f@nch@headwidth=\skip71
\f@nch@O@elh=\skip72
\f@nch@O@erh=\skip73
\f@nch@O@olh=\skip74
\f@nch@O@orh=\skip75
\f@nch@O@elf=\skip76
\f@nch@O@erf=\skip77
\f@nch@O@olf=\skip78
\f@nch@O@orf=\skip79
)
(/usr/local/texlive/2023/texmf-dist/tex/latex/l3backend/l3backend-pdftex.def
File: l3backend-pdftex.def 2023-01-16 L3 backend support: PDF output (pdfTeX)
\l__color_backend_stack_int=\count304
\l__pdf_internal_box=\box62
)
(./phys600 hw 4 submission.aux)
\openout1 = `"phys600 hw 4 submission.aux"'.

LaTeX Font Info:    Checking defaults for OML/cmm/m/it on input line 73.
LaTeX Font Info:    ... okay on input line 73.
LaTeX Font Info:    Checking defaults for OMS/cmsy/m/n on input line 73.
LaTeX Font Info:    ... okay on input line 73.
LaTeX Font Info:    Checking defaults for OT1/cmr/m/n on input line 73.
LaTeX Font Info:    ... okay on input line 73.
LaTeX Font Info:    Checking defaults for T1/cmr/m/n on input line 73.
LaTeX Font Info:    ... okay on input line 73.
LaTeX Font Info:    Checking defaults for TS1/cmr/m/n on input line 73.
LaTeX Font Info:    ... okay on input line 73.
LaTeX Font Info:    Checking defaults for OMX/cmex/m/n on input line 73.
LaTeX Font Info:    ... okay on input line 73.
LaTeX Font Info:    Checking defaults for U/cmr/m/n on input line 73.
LaTeX Font Info:    ... okay on input line 73.

*geometry* driver: auto-detecting
*geometry* detected driver: pdftex
*geometry* verbose mode - [ preamble ] result:
* driver: pdftex
* paper: <default>
* layout: <same size as paper>
* layoutoffset:(h,v)=(0.0pt,0.0pt)
* modes: 
* h-part:(L,W,R)=(72.26999pt, 469.75502pt, 72.26999pt)
* v-part:(T,H,B)=(72.26999pt, 650.43001pt, 72.26999pt)
* \paperwidth=614.295pt
* \paperheight=794.96999pt
* \textwidth=469.75502pt
* \textheight=648.0pt
* \oddsidemargin=0.0pt
* \evensidemargin=0.0pt
* \topmargin=-37.0pt
* \headheight=12.0pt
* \headsep=25.0pt
* \topskip=12.0pt
* \footskip=30.0pt
* \marginparwidth=44.0pt
* \marginparsep=10.0pt
* \columnsep=10.0pt
* \skip\footins=10.8pt plus 4.0pt minus 2.0pt
* \hoffset=0.0pt
* \voffset=-18.06749pt
* \mag=1000
* \@twocolumnfalse
* \@twosidefalse
* \@mparswitchfalse
* \@reversemarginfalse
* (1in=72.27pt=25.4mm, 1cm=28.453pt)

(/usr/local/texlive/2023/texmf-dist/tex/context/base/mkii/supp-pdf.mkii
[Loading MPS to PDF converter (version 2006.09.02).]
\scratchcounter=\count305
\scratchdimen=\dimen298
\scratchbox=\box63
\nofMPsegments=\count306
\nofMParguments=\count307
\everyMPshowfont=\toks41
\MPscratchCnt=\count308
\MPscratchDim=\dimen299
\MPnumerator=\count309
\makeMPintoPDFobject=\count310
\everyMPtoPDFconversion=\toks42
) (/usr/local/texlive/2023/texmf-dist/tex/latex/epstopdf-pkg/epstopdf-base.sty
Package: epstopdf-base 2020-01-24 v2.11 Base part for package epstopdf
Package epstopdf-base Info: Redefining graphics rule for `.eps' on input line 4
85.

(/usr/local/texlive/2023/texmf-dist/tex/latex/latexconfig/epstopdf-sys.cfg
File: epstopdf-sys.cfg 2010/07/13 v1.3 Configuration of (r)epstopdf for TeX Liv
e
))
(/usr/local/texlive/2023/texmf-dist/tex/latex/pdflscape/pdflscape.sty
Package: pdflscape 2022-10-27 v0.13 Display of landscape pages in PDF

(/usr/local/texlive/2023/texmf-dist/tex/latex/pdflscape/pdflscape-nometadata.st
y
Package: pdflscape-nometadata 2022-10-28 v0.13 Display of landscape pages in PD
F (HO)
 (/usr/local/texlive/2023/texmf-dist/tex/latex/graphics/lscape.sty
Package: lscape 2020/05/28 v3.02 Landscape Pages (DPC)
)
Package pdflscape Info: Auto-detected driver: pdftex on input line 81.
))
Package caption Info: Begin \AtBeginDocument code.
Package caption Info: subfig package v1.3 is loaded.
Package caption Info: End \AtBeginDocument code.
LaTeX Font Info:    Trying to load font information for U+msa on input line 79.


(/usr/local/texlive/2023/texmf-dist/tex/latex/amsfonts/umsa.fd
File: umsa.fd 2013/01/14 v3.01 AMS symbols A
)
LaTeX Font Info:    Trying to load font information for U+msb on input line 79.


(/usr/local/texlive/2023/texmf-dist/tex/latex/amsfonts/umsb.fd
File: umsb.fd 2013/01/14 v3.01 AMS symbols B
)
Underfull \hbox (badness 10000) in paragraph at lines 95--96

 []

[1

{/usr/local/texlive/2023/texmf-var/fonts/map/pdftex/updmap/pdftex.map}]
Underfull \hbox (badness 10000) in paragraph at lines 113--114

 []

<x_e_plot.png, id=19, 502.9992pt x 385.1991pt>
File: x_e_plot.png Graphic file (type png)
<use x_e_plot.png>
Package pdftex.def Info: x_e_plot.png  used on input line 125.
(pdftex.def)             Requested size: 305.33789pt x 233.84259pt.

Overfull \hbox (14.63324pt too wide) in paragraph at lines 125--126
 [][] 
 []


Package fancyhdr Warning: \headheight is too small (12.0pt): 
(fancyhdr)                Make it at least 14.49998pt, for example:
(fancyhdr)                \setlength{\headheight}{14.49998pt}.
(fancyhdr)                You might also make \topmargin smaller to compensate:

(fancyhdr)                \addtolength{\topmargin}{-2.49998pt}.

[2]
Underfull \hbox (badness 10000) in paragraph at lines 148--149

 []


Package fancyhdr Warning: \headheight is too small (12.0pt): 
(fancyhdr)                Make it at least 14.49998pt, for example:
(fancyhdr)                \setlength{\headheight}{14.49998pt}.
(fancyhdr)                You might also make \topmargin smaller to compensate:

(fancyhdr)                \addtolength{\topmargin}{-2.49998pt}.

[3 <./x_e_plot.png>]
Underfull \hbox (badness 10000) in paragraph at lines 170--171

 []


Package fancyhdr Warning: \headheight is too small (12.0pt): 
(fancyhdr)                Make it at least 14.49998pt, for example:
(fancyhdr)                \setlength{\headheight}{14.49998pt}.
(fancyhdr)                You might also make \topmargin smaller to compensate:

(fancyhdr)                \addtolength{\topmargin}{-2.49998pt}.

[4{/usr/local/texlive/2023/texmf-dist/fonts/enc/dvips/cm-super/cm-super-ts1.enc
}]
<y_plot.png, id=34, 516.7305pt x 388.8126pt>
File: y_plot.png Graphic file (type png)
<use y_plot.png>
Package pdftex.def Info: y_plot.png  used on input line 235.
(pdftex.def)             Requested size: 305.33789pt x 229.7534pt.

Overfull \hbox (14.63324pt too wide) in paragraph at lines 235--236
 [][] 
 []


Package fancyhdr Warning: \headheight is too small (12.0pt): 
(fancyhdr)                Make it at least 14.49998pt, for example:
(fancyhdr)                \setlength{\headheight}{14.49998pt}.
(fancyhdr)                You might also make \topmargin smaller to compensate:

(fancyhdr)                \addtolength{\topmargin}{-2.49998pt}.

[5]
</Users/yaronetokayer/Yale Drive/Classes/PHYS 600/phys600 hw/phys600 hw 4/phys6
00 hw 4 work.pdf, id=38, 614.295pt x 794.97pt>
File: /Users/yaronetokayer/Yale Drive/Classes/PHYS 600/phys600 hw/phys600 hw 4/
phys600 hw 4 work.pdf Graphic file (type pdf)
<use /Users/yaronetokayer/Yale Drive/Classes/PHYS 600/phys600 hw/phys600 hw 4/p
hys600 hw 4 work.pdf>
Package pdftex.def Info: /Users/yaronetokayer/Yale Drive/Classes/PHYS 600/phys6
00 hw/phys600 hw 4/phys600 hw 4 work.pdf  used on input line 247.
(pdftex.def)             Requested size: 614.29349pt x 794.96806pt.
File: /Users/yaronetokayer/Yale Drive/Classes/PHYS 600/phys600 hw/phys600 hw 4/
phys600 hw 4 work.pdf Graphic file (type pdf)
<use /Users/yaronetokayer/Yale Drive/Classes/PHYS 600/phys600 hw/phys600 hw 4/p
hys600 hw 4 work.pdf>
Package pdftex.def Info: /Users/yaronetokayer/Yale Drive/Classes/PHYS 600/phys6
00 hw/phys600 hw 4/phys600 hw 4 work.pdf  used on input line 247.
(pdftex.def)             Requested size: 614.29349pt x 794.96806pt.
</Users/yaronetokayer/Yale Drive/Classes/PHYS 600/phys600 hw/phys600 hw 4/phys6
00 hw 4 work.pdf, id=41, page=1, 614.295pt x 794.97pt>
File: /Users/yaronetokayer/Yale Drive/Classes/PHYS 600/phys600 hw/phys600 hw 4/
phys600 hw 4 work.pdf Graphic file (type pdf)
<use /Users/yaronetokayer/Yale Drive/Classes/PHYS 600/phys600 hw/phys600 hw 4/p
hys600 hw 4 work.pdf, page 1>
Package pdftex.def Info: /Users/yaronetokayer/Yale Drive/Classes/PHYS 600/phys6
00 hw/phys600 hw 4/phys600 hw 4 work.pdf , page1 used on input line 247.
(pdftex.def)             Requested size: 614.29349pt x 794.96806pt.
File: /Users/yaronetokayer/Yale Drive/Classes/PHYS 600/phys600 hw/phys600 hw 4/
phys600 hw 4 work.pdf Graphic file (type pdf)
<use /Users/yaronetokayer/Yale Drive/Classes/PHYS 600/phys600 hw/phys600 hw 4/p
hys600 hw 4 work.pdf, page 1>
Package pdftex.def Info: /Users/yaronetokayer/Yale Drive/Classes/PHYS 600/phys6
00 hw/phys600 hw 4/phys600 hw 4 work.pdf , page1 used on input line 247.
(pdftex.def)             Requested size: 552.86038pt x 715.4664pt.


Package fancyhdr Warning: \headheight is too small (12.0pt): 
(fancyhdr)                Make it at least 14.49998pt, for example:
(fancyhdr)                \setlength{\headheight}{14.49998pt}.
(fancyhdr)                You might also make \topmargin smaller to compensate:

(fancyhdr)                \addtolength{\topmargin}{-2.49998pt}.

[6]
File: /Users/yaronetokayer/Yale Drive/Classes/PHYS 600/phys600 hw/phys600 hw 4/
phys600 hw 4 work.pdf Graphic file (type pdf)
<use /Users/yaronetokayer/Yale Drive/Classes/PHYS 600/phys600 hw/phys600 hw 4/p
hys600 hw 4 work.pdf, page 1>
Package pdftex.def Info: /Users/yaronetokayer/Yale Drive/Classes/PHYS 600/phys6
00 hw/phys600 hw 4/phys600 hw 4 work.pdf , page1 used on input line 247.
(pdftex.def)             Requested size: 552.86038pt x 715.4664pt.
File: /Users/yaronetokayer/Yale Drive/Classes/PHYS 600/phys600 hw/phys600 hw 4/
phys600 hw 4 work.pdf Graphic file (type pdf)
<use /Users/yaronetokayer/Yale Drive/Classes/PHYS 600/phys600 hw/phys600 hw 4/p
hys600 hw 4 work.pdf, page 1>
Package pdftex.def Info: /Users/yaronetokayer/Yale Drive/Classes/PHYS 600/phys6
00 hw/phys600 hw 4/phys600 hw 4 work.pdf , page1 used on input line 247.
(pdftex.def)             Requested size: 552.86038pt x 715.4664pt.
File: /Users/yaronetokayer/Yale Drive/Classes/PHYS 600/phys600 hw/phys600 hw 4/
phys600 hw 4 work.pdf Graphic file (type pdf)
<use /Users/yaronetokayer/Yale Drive/Classes/PHYS 600/phys600 hw/phys600 hw 4/p
hys600 hw 4 work.pdf, page 1>
Package pdftex.def Info: /Users/yaronetokayer/Yale Drive/Classes/PHYS 600/phys6
00 hw/phys600 hw 4/phys600 hw 4 work.pdf , page1 used on input line 247.
(pdftex.def)             Requested size: 552.86038pt x 715.4664pt.
 [7 </Users/yaronetokayer/Yale Drive/Classes/PHYS 600/phys600 hw/phys600 hw 4/p
hys600 hw 4 work.pdf>]
</Users/yaronetokayer/Yale Drive/Classes/PHYS 600/phys600 hw/phys600 hw 4/phys6
00 hw 4 work.pdf, id=253, page=2, 614.295pt x 794.97pt>
File: /Users/yaronetokayer/Yale Drive/Classes/PHYS 600/phys600 hw/phys600 hw 4/
phys600 hw 4 work.pdf Graphic file (type pdf)
<use /Users/yaronetokayer/Yale Drive/Classes/PHYS 600/phys600 hw/phys600 hw 4/p
hys600 hw 4 work.pdf, page 2>
Package pdftex.def Info: /Users/yaronetokayer/Yale Drive/Classes/PHYS 600/phys6
00 hw/phys600 hw 4/phys600 hw 4 work.pdf , page2 used on input line 247.
(pdftex.def)             Requested size: 552.86038pt x 715.4664pt.
File: /Users/yaronetokayer/Yale Drive/Classes/PHYS 600/phys600 hw/phys600 hw 4/
phys600 hw 4 work.pdf Graphic file (type pdf)
<use /Users/yaronetokayer/Yale Drive/Classes/PHYS 600/phys600 hw/phys600 hw 4/p
hys600 hw 4 work.pdf, page 2>
Package pdftex.def Info: /Users/yaronetokayer/Yale Drive/Classes/PHYS 600/phys6
00 hw/phys600 hw 4/phys600 hw 4 work.pdf , page2 used on input line 247.
(pdftex.def)             Requested size: 552.86038pt x 715.4664pt.
File: /Users/yaronetokayer/Yale Drive/Classes/PHYS 600/phys600 hw/phys600 hw 4/
phys600 hw 4 work.pdf Graphic file (type pdf)
<use /Users/yaronetokayer/Yale Drive/Classes/PHYS 600/phys600 hw/phys600 hw 4/p
hys600 hw 4 work.pdf, page 2>
Package pdftex.def Info: /Users/yaronetokayer/Yale Drive/Classes/PHYS 600/phys6
00 hw/phys600 hw 4/phys600 hw 4 work.pdf , page2 used on input line 247.
(pdftex.def)             Requested size: 552.86038pt x 715.4664pt.
 [8 </Users/yaronetokayer/Yale Drive/Classes/PHYS 600/phys600 hw/phys600 hw 4/p
hys600 hw 4 work.pdf>]
</Users/yaronetokayer/Yale Drive/Classes/PHYS 600/phys600 hw/phys600 hw 4/phys6
00 hw 4 work.pdf, id=269, page=3, 614.295pt x 794.97pt>
File: /Users/yaronetokayer/Yale Drive/Classes/PHYS 600/phys600 hw/phys600 hw 4/
phys600 hw 4 work.pdf Graphic file (type pdf)
<use /Users/yaronetokayer/Yale Drive/Classes/PHYS 600/phys600 hw/phys600 hw 4/p
hys600 hw 4 work.pdf, page 3>
Package pdftex.def Info: /Users/yaronetokayer/Yale Drive/Classes/PHYS 600/phys6
00 hw/phys600 hw 4/phys600 hw 4 work.pdf , page3 used on input line 247.
(pdftex.def)             Requested size: 552.86038pt x 715.4664pt.
File: /Users/yaronetokayer/Yale Drive/Classes/PHYS 600/phys600 hw/phys600 hw 4/
phys600 hw 4 work.pdf Graphic file (type pdf)
<use /Users/yaronetokayer/Yale Drive/Classes/PHYS 600/phys600 hw/phys600 hw 4/p
hys600 hw 4 work.pdf, page 3>
Package pdftex.def Info: /Users/yaronetokayer/Yale Drive/Classes/PHYS 600/phys6
00 hw/phys600 hw 4/phys600 hw 4 work.pdf , page3 used on input line 247.
(pdftex.def)             Requested size: 552.86038pt x 715.4664pt.
File: /Users/yaronetokayer/Yale Drive/Classes/PHYS 600/phys600 hw/phys600 hw 4/
phys600 hw 4 work.pdf Graphic file (type pdf)
<use /Users/yaronetokayer/Yale Drive/Classes/PHYS 600/phys600 hw/phys600 hw 4/p
hys600 hw 4 work.pdf, page 3>
Package pdftex.def Info: /Users/yaronetokayer/Yale Drive/Classes/PHYS 600/phys6
00 hw/phys600 hw 4/phys600 hw 4 work.pdf , page3 used on input line 247.
(pdftex.def)             Requested size: 552.86038pt x 715.4664pt.
 [9 </Users/yaronetokayer/Yale Drive/Classes/PHYS 600/phys600 hw/phys600 hw 4/p
hys600 hw 4 work.pdf>]
</Users/yaronetokayer/Yale Drive/Classes/PHYS 600/phys600 hw/phys600 hw 4/phys6
00 hw 4 work.pdf, id=287, page=4, 614.295pt x 794.97pt>
File: /Users/yaronetokayer/Yale Drive/Classes/PHYS 600/phys600 hw/phys600 hw 4/
phys600 hw 4 work.pdf Graphic file (type pdf)
<use /Users/yaronetokayer/Yale Drive/Classes/PHYS 600/phys600 hw/phys600 hw 4/p
hys600 hw 4 work.pdf, page 4>
Package pdftex.def Info: /Users/yaronetokayer/Yale Drive/Classes/PHYS 600/phys6
00 hw/phys600 hw 4/phys600 hw 4 work.pdf , page4 used on input line 247.
(pdftex.def)             Requested size: 552.86038pt x 715.4664pt.
File: /Users/yaronetokayer/Yale Drive/Classes/PHYS 600/phys600 hw/phys600 hw 4/
phys600 hw 4 work.pdf Graphic file (type pdf)
<use /Users/yaronetokayer/Yale Drive/Classes/PHYS 600/phys600 hw/phys600 hw 4/p
hys600 hw 4 work.pdf, page 4>
Package pdftex.def Info: /Users/yaronetokayer/Yale Drive/Classes/PHYS 600/phys6
00 hw/phys600 hw 4/phys600 hw 4 work.pdf , page4 used on input line 247.
(pdftex.def)             Requested size: 552.86038pt x 715.4664pt.
File: /Users/yaronetokayer/Yale Drive/Classes/PHYS 600/phys600 hw/phys600 hw 4/
phys600 hw 4 work.pdf Graphic file (type pdf)
<use /Users/yaronetokayer/Yale Drive/Classes/PHYS 600/phys600 hw/phys600 hw 4/p
hys600 hw 4 work.pdf, page 4>
Package pdftex.def Info: /Users/yaronetokayer/Yale Drive/Classes/PHYS 600/phys6
00 hw/phys600 hw 4/phys600 hw 4 work.pdf , page4 used on input line 247.
(pdftex.def)             Requested size: 552.86038pt x 715.4664pt.
 [10 </Users/yaronetokayer/Yale Drive/Classes/PHYS 600/phys600 hw/phys600 hw 4/
phys600 hw 4 work.pdf>]
</Users/yaronetokayer/Yale Drive/Classes/PHYS 600/phys600 hw/phys600 hw 4/phys6
00 hw 4 work.pdf, id=296, page=5, 614.295pt x 794.97pt>
File: /Users/yaronetokayer/Yale Drive/Classes/PHYS 600/phys600 hw/phys600 hw 4/
phys600 hw 4 work.pdf Graphic file (type pdf)
<use /Users/yaronetokayer/Yale Drive/Classes/PHYS 600/phys600 hw/phys600 hw 4/p
hys600 hw 4 work.pdf, page 5>
Package pdftex.def Info: /Users/yaronetokayer/Yale Drive/Classes/PHYS 600/phys6
00 hw/phys600 hw 4/phys600 hw 4 work.pdf , page5 used on input line 247.
(pdftex.def)             Requested size: 552.86038pt x 715.4664pt.
File: /Users/yaronetokayer/Yale Drive/Classes/PHYS 600/phys600 hw/phys600 hw 4/
phys600 hw 4 work.pdf Graphic file (type pdf)
<use /Users/yaronetokayer/Yale Drive/Classes/PHYS 600/phys600 hw/phys600 hw 4/p
hys600 hw 4 work.pdf, page 5>
Package pdftex.def Info: /Users/yaronetokayer/Yale Drive/Classes/PHYS 600/phys6
00 hw/phys600 hw 4/phys600 hw 4 work.pdf , page5 used on input line 247.
(pdftex.def)             Requested size: 552.86038pt x 715.4664pt.
File: /Users/yaronetokayer/Yale Drive/Classes/PHYS 600/phys600 hw/phys600 hw 4/
phys600 hw 4 work.pdf Graphic file (type pdf)
<use /Users/yaronetokayer/Yale Drive/Classes/PHYS 600/phys600 hw/phys600 hw 4/p
hys600 hw 4 work.pdf, page 5>
Package pdftex.def Info: /Users/yaronetokayer/Yale Drive/Classes/PHYS 600/phys6
00 hw/phys600 hw 4/phys600 hw 4 work.pdf , page5 used on input line 247.
(pdftex.def)             Requested size: 552.86038pt x 715.4664pt.
 [11 </Users/yaronetokayer/Yale Drive/Classes/PHYS 600/phys600 hw/phys600 hw 4/
phys600 hw 4 work.pdf>]

Package fancyhdr Warning: \headheight is too small (12.0pt): 
(fancyhdr)                Make it at least 14.49998pt, for example:
(fancyhdr)                \setlength{\headheight}{14.49998pt}.
(fancyhdr)                You might also make \topmargin smaller to compensate:

(fancyhdr)                \addtolength{\topmargin}{-2.49998pt}.

[12 <./y_plot.png>] (./phys600 hw 4 submission.aux) ) 
Here is how much of TeX's memory you used:
 9252 strings out of 476025
 157183 string characters out of 5790017
 1869388 words of memory out of 5000000
 29544 multiletter control sequences out of 15000+600000
 522673 words of font info for 72 fonts, out of 8000000 for 9000
 1141 hyphenation exceptions out of 8191
 83i,19n,131p,419b,635s stack positions out of 10000i,1000n,20000p,200000b,200000s
</usr/local/texlive/2023/t
exmf-dist/fonts/type1/public/amsfonts/cm/cmbx12.pfb></usr/local/texlive/2023/te
xmf-dist/fonts/type1/public/amsfonts/cm/cmcsc10.pfb></usr/local/texlive/2023/te
xmf-dist/fonts/type1/public/amsfonts/cm/cmex10.pfb></usr/local/texlive/2023/tex
mf-dist/fonts/type1/public/amsfonts/cm/cmmi12.pfb></usr/local/texlive/2023/texm
f-dist/fonts/type1/public/amsfonts/cm/cmmi6.pfb></usr/local/texlive/2023/texmf-
dist/fonts/type1/public/amsfonts/cm/cmmi8.pfb></usr/local/texlive/2023/texmf-di
st/fonts/type1/public/amsfonts/cm/cmr10.pfb></usr/local/texlive/2023/texmf-dist
/fonts/type1/public/amsfonts/cm/cmr12.pfb></usr/local/texlive/2023/texmf-dist/f
onts/type1/public/amsfonts/cm/cmr17.pfb></usr/local/texlive/2023/texmf-dist/fon
ts/type1/public/amsfonts/cm/cmr6.pfb></usr/local/texlive/2023/texmf-dist/fonts/
type1/public/amsfonts/cm/cmr8.pfb></usr/local/texlive/2023/texmf-dist/fonts/typ
e1/public/amsfonts/cm/cmsy10.pfb></usr/local/texlive/2023/texmf-dist/fonts/type
1/public/amsfonts/cm/cmsy6.pfb></usr/local/texlive/2023/texmf-dist/fonts/type1/
public/amsfonts/cm/cmsy8.pfb></usr/local/texlive/2023/texmf-dist/fonts/type1/pu
blic/amsfonts/cm/cmti12.pfb></usr/local/texlive/2023/texmf-dist/fonts/type1/pub
lic/amsfonts/latxfont/line10.pfb></usr/local/texlive/2023/texmf-dist/fonts/type
1/public/cm-super/sfrm1200.pfb>
Output written on "phys600 hw 4 submission.pdf" (12 pages, 567972 bytes).
PDF statistics:
 378 PDF objects out of 1000 (max. 8388607)
 116 compressed objects within 2 object streams
 0 named destinations out of 1000 (max. 500000)
 51 words of extra memory for PDF output out of 10000 (max. 10000000)

